<?xml version="1.0" encoding="UTF-8"?>
<testsuites name="orange HRM" time="22" tests="1" failures="0" errors="0">
   <testsuite name="orange HRM" tests="1" failures="0" errors="0" time="22" timestamp="2018-07-24 15:26:26" hostname="slk - WSLK1FFTRFW-01.SLKSOFT.COM" id="Test Suites/orange HRM">
      <properties>
         <property name="deviceName" value=""/>
         <property name="devicePlatform" value=""/>
         <property name="logFolder" value="C:\\Users\\slk\\Katalon Studio\\Demo\\Reports\\orange HRM\\20180724_152625"/>
         <property name="logFiles" value="C:\\Users\\slk\\Katalon Studio\\Demo\\Reports\\orange HRM\\20180724_152625\\execution0.log"/>
         <property name="attachments" value=""/>
         <property name="hostName" value="slk - WSLK1FFTRFW-01.SLKSOFT.COM"/>
         <property name="os" value="Windows 7 64bit"/>
         <property name="katalonVersion" value="5.5.0.1"/>
         <property name="browser" value="Chrome 67.0.3396.99"/>
         <property name="hostAddress" value="192.168.56.1"/>
         <property name="sessionId" value="8b35c2dad4daa902a583528c6d7c598d"/>
         <property name="seleniumVersion" value="3.7.1"/>
         <property name="proxyInformation" value="ProxyInformation{proxyOption=NO_PROXY, proxyServerType=HTTP, password=, proxyServerAddress=, proxyServerPort=0}"/>
         <property name="platform" value="Windows 7"/>
      </properties>
      <testcase name="Test Cases/Test demo1/Orange HRM" classname="Test Cases/Test demo1/Orange HRM" status="PASSED">
         <system-out><![CDATA[2018-07-24 15:26:26 - [TEST_CASE][PASSED] - Test Cases/Test demo1/Orange HRM: Test Cases/Test demo1/Orange HRM

2018-07-24 15:26:27 - [TEST_STEP][PASSED] - openBrowser: Browser is opened with url: ''

2018-07-24 15:26:29 - [MESSAGE][PASSED] - Browser is opened with url: ''

2018-07-24 15:26:29 - [TEST_STEP][PASSED] - navigateToUrl: Navigate to 'https://opensource-demo.orangehrmlive.com/' successfully

2018-07-24 15:26:33 - [MESSAGE][PASSED] - Navigate to 'https://opensource-demo.orangehrmlive.com/' successfully

2018-07-24 15:26:33 - [TEST_STEP][PASSED] - click: Object: 'Object Repository/Orange HRM Test/Page_OrangeHRM/span_Username' is clicked on

2018-07-24 15:26:34 - [MESSAGE][PASSED] - Object: 'Object Repository/Orange HRM Test/Page_OrangeHRM/span_Username' is clicked on

2018-07-24 15:26:34 - [TEST_STEP][PASSED] - setText: Text 'Admin' is set on object 'Object Repository/Orange HRM Test/Page_OrangeHRM/input_txtUsername'

2018-07-24 15:26:34 - [MESSAGE][PASSED] - Text 'Admin' is set on object 'Object Repository/Orange HRM Test/Page_OrangeHRM/input_txtUsername'

2018-07-24 15:26:34 - [TEST_STEP][PASSED] - setEncryptedText: Text ****** has been set on object 'Object Repository/Orange HRM Test/Page_OrangeHRM/input_txtPassword'

2018-07-24 15:26:34 - [MESSAGE][PASSED] - Text ****** has been set on object 'Object Repository/Orange HRM Test/Page_OrangeHRM/input_txtPassword'

2018-07-24 15:26:34 - [TEST_STEP][PASSED] - click: Object: 'Object Repository/Orange HRM Test/Page_OrangeHRM/input_Submit' is clicked on

2018-07-24 15:26:38 - [MESSAGE][PASSED] - Object: 'Object Repository/Orange HRM Test/Page_OrangeHRM/input_Submit' is clicked on

2018-07-24 15:26:38 - [TEST_STEP][PASSED] - click: Object: 'Object Repository/Orange HRM Test/Page_OrangeHRM/b_Admin' is clicked on

2018-07-24 15:26:39 - [MESSAGE][PASSED] - Object: 'Object Repository/Orange HRM Test/Page_OrangeHRM/b_Admin' is clicked on

2018-07-24 15:26:39 - [TEST_STEP][PASSED] - click: Object: 'Object Repository/Orange HRM Test/Page_OrangeHRM/b_PIM' is clicked on

2018-07-24 15:26:41 - [MESSAGE][PASSED] - Object: 'Object Repository/Orange HRM Test/Page_OrangeHRM/b_PIM' is clicked on

2018-07-24 15:26:41 - [TEST_STEP][PASSED] - click: Object: 'Object Repository/Orange HRM Test/Page_OrangeHRM/b_Leave' is clicked on

2018-07-24 15:26:42 - [MESSAGE][PASSED] - Object: 'Object Repository/Orange HRM Test/Page_OrangeHRM/b_Leave' is clicked on

2018-07-24 15:26:42 - [TEST_STEP][PASSED] - click: Object: 'Object Repository/Orange HRM Test/Page_OrangeHRM/b_Time' is clicked on

2018-07-24 15:26:44 - [MESSAGE][PASSED] - Object: 'Object Repository/Orange HRM Test/Page_OrangeHRM/b_Time' is clicked on

2018-07-24 15:26:44 - [TEST_STEP][PASSED] - click: Object: 'Object Repository/Orange HRM Test/Page_OrangeHRM/b_Recruitment' is clicked on

2018-07-24 15:26:45 - [MESSAGE][PASSED] - Object: 'Object Repository/Orange HRM Test/Page_OrangeHRM/b_Recruitment' is clicked on

2018-07-24 15:26:45 - [TEST_STEP][PASSED] - click: Object: 'Object Repository/Orange HRM Test/Page_OrangeHRM/b_Dashboard' is clicked on

2018-07-24 15:26:46 - [MESSAGE][PASSED] - Object: 'Object Repository/Orange HRM Test/Page_OrangeHRM/b_Dashboard' is clicked on

2018-07-24 15:26:46 - [TEST_STEP][PASSED] - click: Object: 'Object Repository/Orange HRM Test/Page_OrangeHRM/img' is clicked on

2018-07-24 15:26:48 - [MESSAGE][PASSED] - Object: 'Object Repository/Orange HRM Test/Page_OrangeHRM/img' is clicked on

2018-07-24 15:26:48 - [TEST_STEP][PASSED] - closeBrowser: Browser is closed

2018-07-24 15:26:48 - [MESSAGE][PASSED] - Browser is closed]]></system-out>
         <system-err><![CDATA[]]></system-err>
      </testcase>
      <system-out><![CDATA[2018-07-24 15:26:26 - [TEST_SUITE][PASSED] - orange HRM: Test Cases/Test demo1/Orange HRM]]></system-out>
      <system-err><![CDATA[]]></system-err>
   </testsuite>
</testsuites>
