<?xml version="1.0" encoding="UTF-8"?>
<testsuites name="New Test Suite1" time="20" tests="2" failures="0" errors="0">
   <testsuite name="New Test Suite1" tests="2" failures="0" errors="0" time="20" timestamp="2018-07-24 15:03:24" hostname="slk - WSLK1FFTRFW-01.SLKSOFT.COM" id="Test Suites/New Test Suite1">
      <properties>
         <property name="deviceName" value=""/>
         <property name="devicePlatform" value=""/>
         <property name="logFolder" value="C:\\Users\\slk\\Katalon Studio\\Demo\\Reports\\New Test Suite1\\20180724_150321"/>
         <property name="logFiles" value="C:\\Users\\slk\\Katalon Studio\\Demo\\Reports\\New Test Suite1\\20180724_150321\\execution0.log"/>
         <property name="attachments" value="C:\\Users\\slk\\Katalon Studio\\Demo\\Reports\\New Test Suite1\\20180724_150321\\1532424814611.png"/>
         <property name="hostName" value="slk - WSLK1FFTRFW-01.SLKSOFT.COM"/>
         <property name="os" value="Windows 7 64bit"/>
         <property name="katalonVersion" value="5.5.0.1"/>
         <property name="browser" value="Chrome 67.0.3396.99"/>
         <property name="hostAddress" value="192.168.56.1"/>
         <property name="sessionId" value="ffc8ff7c92db62f83f1216c8e057d388"/>
         <property name="seleniumVersion" value="3.7.1"/>
         <property name="proxyInformation" value="ProxyInformation{proxyOption=NO_PROXY, proxyServerType=HTTP, password=, proxyServerAddress=, proxyServerPort=0}"/>
         <property name="platform" value="Windows 7"/>
      </properties>
      <testcase name="Test Cases/Test demo1/New Test Case1" classname="Test Cases/Test demo1/New Test Case1" status="PASSED">
         <system-out><![CDATA[2018-07-24 15:03:24 - [TEST_CASE][PASSED] - Test Cases/Test demo1/New Test Case1: Test Cases/Test demo1/New Test Case1

2018-07-24 15:03:24 - [TEST_STEP][PASSED] - openBrowser: Browser is opened with url: ''

2018-07-24 15:03:27 - [MESSAGE][PASSED] - Browser is opened with url: ''

2018-07-24 15:03:27 - [TEST_STEP][PASSED] - navigateToUrl: Navigate to 'http://demoaut.katalon.com/' successfully

2018-07-24 15:03:33 - [MESSAGE][PASSED] - Navigate to 'http://demoaut.katalon.com/' successfully

2018-07-24 15:03:33 - [TEST_STEP][PASSED] - click: Object: 'Object Repository/Login procedure/Page_CURA Healthcare Service/a_Make Appointment' is clicked on

2018-07-24 15:03:33 - [MESSAGE][PASSED] - Object: 'Object Repository/Login procedure/Page_CURA Healthcare Service/a_Make Appointment' is clicked on

2018-07-24 15:03:33 - [TEST_STEP][PASSED] - setText: Text 'John Doe' is set on object 'Object Repository/Login procedure/Page_CURA Healthcare Service/input_username'

2018-07-24 15:03:33 - [MESSAGE][PASSED] - Text 'John Doe' is set on object 'Object Repository/Login procedure/Page_CURA Healthcare Service/input_username'

2018-07-24 15:03:33 - [TEST_STEP][PASSED] - setEncryptedText: Text ****** has been set on object 'Object Repository/Login procedure/Page_CURA Healthcare Service/input_password'

2018-07-24 15:03:33 - [MESSAGE][PASSED] - Text ****** has been set on object 'Object Repository/Login procedure/Page_CURA Healthcare Service/input_password'

2018-07-24 15:03:33 - [TEST_STEP][PASSED] - click: Object: 'Object Repository/Login procedure/Page_CURA Healthcare Service/button_Login' is clicked on

2018-07-24 15:03:34 - [MESSAGE][PASSED] - Object: 'Object Repository/Login procedure/Page_CURA Healthcare Service/button_Login' is clicked on

2018-07-24 15:03:34 - [TEST_STEP][PASSED] - acceptAlert: No alert found

2018-07-24 15:03:34 - [MESSAGE][WARNING] - No alert found
[[ATTACHMENT|C:\\Users\\slk\\Katalon Studio\\Demo\\Reports\\New Test Suite1\\20180724_150321\\1532424814611.png]]

2018-07-24 15:03:34 - [TEST_STEP][PASSED] - closeBrowser: Browser is closed

2018-07-24 15:03:35 - [MESSAGE][PASSED] - Browser is closed]]></system-out>
         <system-err><![CDATA[]]></system-err>
      </testcase>
      <testcase name="Test Cases/Test demo1/test case2" classname="Test Cases/Test demo1/test case2" status="PASSED">
         <system-out><![CDATA[2018-07-24 15:03:35 - [TEST_CASE][PASSED] - Test Cases/Test demo1/test case2: Test Cases/Test demo1/test case2

2018-07-24 15:03:35 - [TEST_STEP][PASSED] - openBrowser: Browser is opened with url: ''

2018-07-24 15:03:37 - [MESSAGE][PASSED] - Browser is opened with url: ''

2018-07-24 15:03:37 - [TEST_STEP][PASSED] - navigateToUrl: Navigate to 'http://demoaut.katalon.com/' successfully

2018-07-24 15:03:42 - [MESSAGE][PASSED] - Navigate to 'http://demoaut.katalon.com/' successfully

2018-07-24 15:03:42 - [TEST_STEP][PASSED] - click: Object: 'Object Repository/Login procedure/Page_CURA Healthcare Service/a_Make Appointment' is clicked on

2018-07-24 15:03:43 - [MESSAGE][PASSED] - Object: 'Object Repository/Login procedure/Page_CURA Healthcare Service/a_Make Appointment' is clicked on

2018-07-24 15:03:43 - [TEST_STEP][PASSED] - setText: Text 'John Doe' is set on object 'Object Repository/test 2/Page_CURA Healthcare Service/input_username'

2018-07-24 15:03:43 - [MESSAGE][PASSED] - Text 'John Doe' is set on object 'Object Repository/test 2/Page_CURA Healthcare Service/input_username'

2018-07-24 15:03:43 - [TEST_STEP][PASSED] - setText: Text 'ThisIsNotAPassword' is set on object 'Object Repository/Login procedure/Page_CURA Healthcare Service/input_password'

2018-07-24 15:03:43 - [MESSAGE][PASSED] - Text 'ThisIsNotAPassword' is set on object 'Object Repository/Login procedure/Page_CURA Healthcare Service/input_password'

2018-07-24 15:03:43 - [TEST_STEP][PASSED] - click: Object: 'Object Repository/Login procedure/Page_CURA Healthcare Service/button_Login' is clicked on

2018-07-24 15:03:44 - [MESSAGE][PASSED] - Object: 'Object Repository/Login procedure/Page_CURA Healthcare Service/button_Login' is clicked on]]></system-out>
         <system-err><![CDATA[]]></system-err>
      </testcase>
      <system-out><![CDATA[2018-07-24 15:03:24 - [TEST_SUITE][PASSED] - New Test Suite1: Test Cases/Test demo1/test case2]]></system-out>
      <system-err><![CDATA[]]></system-err>
   </testsuite>
</testsuites>
