<?xml version="1.0" encoding="UTF-8"?>
<testsuites name="orange HRM" time="68" tests="1" failures="1" errors="0">
   <testsuite name="orange HRM" tests="1" failures="1" errors="0" time="68" timestamp="2018-07-26 13:01:38" hostname="slk - WSLK1FFTRFW-01.SLKSOFT.COM" id="Test Suites/orange HRM">
      <properties>
         <property name="deviceName" value=""/>
         <property name="devicePlatform" value=""/>
         <property name="logFolder" value="C:\\Users\\slk\\Katalon Studio\\Demo\\Reports\\orange HRM\\20180726_130136"/>
         <property name="logFiles" value="C:\\Users\\slk\\Katalon Studio\\Demo\\Reports\\orange HRM\\20180726_130136\\execution0.log"/>
         <property name="attachments" value="C:\\Users\\slk\\Katalon Studio\\Demo\\Reports\\orange HRM\\20180726_130136\\1532590366370.png"/>
         <property name="hostName" value="slk - WSLK1FFTRFW-01.SLKSOFT.COM"/>
         <property name="os" value="Windows 7 64bit"/>
         <property name="katalonVersion" value="5.5.0.1"/>
         <property name="browser" value="Firefox 61.0"/>
         <property name="hostAddress" value="192.168.56.1"/>
         <property name="sessionId" value="fe763ea2-45e8-4566-a33e-8edd7f5897a7"/>
         <property name="seleniumVersion" value="3.7.1"/>
         <property name="proxyInformation" value="ProxyInformation{proxyOption=NO_PROXY, proxyServerType=HTTP, password=, proxyServerAddress=, proxyServerPort=0}"/>
         <property name="platform" value="Windows 7"/>
      </properties>
      <testcase name="Test Cases/DAY1/Orange HRM" classname="Test Cases/DAY1/Orange HRM" status="PASSED">
         <system-out><![CDATA[2018-07-26 13:01:38 - [TEST_CASE][PASSED] - Test Cases/DAY1/Orange HRM: Test Cases/DAY1/Orange HRM

2018-07-26 13:01:38 - [TEST_STEP][PASSED] - openBrowser: Browser is opened with url: ''

2018-07-26 13:01:48 - [MESSAGE][PASSED] - Browser is opened with url: ''

2018-07-26 13:01:48 - [TEST_STEP][PASSED] - navigateToUrl: Navigate to 'https://opensource-demo.orangehrmlive.com/' successfully

2018-07-26 13:01:53 - [MESSAGE][PASSED] - Navigate to 'https://opensource-demo.orangehrmlive.com/' successfully

2018-07-26 13:01:53 - [TEST_STEP][PASSED] - click: Object: 'Object Repository/Orange HRM Test/Page_OrangeHRM/span_Username' is clicked on

2018-07-26 13:01:53 - [MESSAGE][PASSED] - Object: 'Object Repository/Orange HRM Test/Page_OrangeHRM/span_Username' is clicked on

2018-07-26 13:01:53 - [TEST_STEP][PASSED] - setText: Text 'Admin' is set on object 'Object Repository/Orange HRM Test/Page_OrangeHRM/input_txtUsername'

2018-07-26 13:01:53 - [MESSAGE][PASSED] - Text 'Admin' is set on object 'Object Repository/Orange HRM Test/Page_OrangeHRM/input_txtUsername'

2018-07-26 13:01:53 - [TEST_STEP][PASSED] - setEncryptedText: Text ****** has been set on object 'Object Repository/Orange HRM Test/Page_OrangeHRM/input_txtPassword'

2018-07-26 13:01:53 - [MESSAGE][PASSED] - Text ****** has been set on object 'Object Repository/Orange HRM Test/Page_OrangeHRM/input_txtPassword'

2018-07-26 13:01:53 - [TEST_STEP][PASSED] - click: Object: 'Object Repository/Orange HRM Test/Page_OrangeHRM/input_Submit' is clicked on

2018-07-26 13:01:56 - [MESSAGE][PASSED] - Object: 'Object Repository/Orange HRM Test/Page_OrangeHRM/input_Submit' is clicked on

2018-07-26 13:01:56 - [TEST_STEP][PASSED] - click: Object: 'Object Repository/Orange HRM Test/Page_OrangeHRM/b_Admin' is clicked on

2018-07-26 13:01:56 - [MESSAGE][PASSED] - Object: 'Object Repository/Orange HRM Test/Page_OrangeHRM/b_Admin' is clicked on

2018-07-26 13:01:56 - [TEST_STEP][PASSED] - click: Object: 'Object Repository/Orange HRM Test/Page_OrangeHRM/b_PIM' is clicked on

2018-07-26 13:01:57 - [MESSAGE][PASSED] - Object: 'Object Repository/Orange HRM Test/Page_OrangeHRM/b_PIM' is clicked on

2018-07-26 13:01:57 - [TEST_STEP][PASSED] - click: Object: 'Object Repository/Orange HRM Test/Page_OrangeHRM/b_Leave' is clicked on

2018-07-26 13:01:59 - [MESSAGE][PASSED] - Object: 'Object Repository/Orange HRM Test/Page_OrangeHRM/b_Leave' is clicked on

2018-07-26 13:01:59 - [TEST_STEP][PASSED] - click: Object: 'Object Repository/Orange HRM Test/Page_OrangeHRM/b_Time' is clicked on

2018-07-26 13:02:00 - [MESSAGE][PASSED] - Object: 'Object Repository/Orange HRM Test/Page_OrangeHRM/b_Time' is clicked on

2018-07-26 13:02:00 - [TEST_STEP][PASSED] - click: Object: 'Object Repository/Orange HRM Test/Page_OrangeHRM/b_Recruitment' is clicked on

2018-07-26 13:02:01 - [MESSAGE][PASSED] - Object: 'Object Repository/Orange HRM Test/Page_OrangeHRM/b_Recruitment' is clicked on

2018-07-26 13:02:01 - [TEST_STEP][PASSED] - click: Object: 'Object Repository/Orange HRM Test/Page_OrangeHRM/b_Dashboard' is clicked on

2018-07-26 13:02:02 - [MESSAGE][PASSED] - Object: 'Object Repository/Orange HRM Test/Page_OrangeHRM/b_Dashboard' is clicked on

2018-07-26 13:02:02 - [TEST_STEP][PASSED] - click: Object: 'Object Repository/Orange HRM Test/Page_OrangeHRM/img' is clicked on

2018-07-26 13:02:03 - [MESSAGE][PASSED] - Object: 'Object Repository/Orange HRM Test/Page_OrangeHRM/img' is clicked on

2018-07-26 13:02:03 - [TEST_STEP][PASSED] - closeBrowser: Browser is closed

2018-07-26 13:02:03 - [MESSAGE][PASSED] - Browser is closed]]></system-out>
         <system-err><![CDATA[]]></system-err>
      </testcase>
      <testcase name="Test Cases/DAY1/Orange validation 2" classname="Test Cases/DAY1/Orange validation 2" status="FAILED">
         <failure type="FAILED" message="Unable to select option by value '1' of object 'Object Repository/Orange HRM Test/Page_OrangeHRM/select_-- Select --MondayTuesd'  using regular expression (Root cause: com.kms.katalon.core.webui.exception.WebElementNotFoundException: Web element with id: 'Object Repository/Orange HRM Test/Page_OrangeHRM/select_-- Select --MondayTuesd' located by 'By.xpath: //select[@name = 'time[startingDays]' and @id = 'time_startingDays' and (text() = '
-- Select --
Monday
Tuesday
Wednesday
Thursday
Friday
Saturday
Sunday
' or . = '
-- Select --
Monday
Tuesday
Wednesday
Thursday
Friday
Saturday
Sunday
')]' not found)"/>
         <system-out><![CDATA[2018-07-26 13:02:03 - [TEST_CASE][FAILED] - Test Cases/DAY1/Orange validation 2: Test Cases/DAY1/Orange validation 2 FAILED because (of) Unable to select option by value '1' of object 'Object Repository/Orange HRM Test/Page_OrangeHRM/select_-- Select --MondayTuesd'  using regular expression (Root cause: com.kms.katalon.core.webui.exception.WebElementNotFoundException: Web element with id: 'Object Repository/Orange HRM Test/Page_OrangeHRM/select_-- Select --MondayTuesd' located by 'By.xpath: //select[@name = 'time[startingDays]' and @id = 'time_startingDays' and (text() = '
-- Select --
Monday
Tuesday
Wednesday
Thursday
Friday
Saturday
Sunday
' or . = '
-- Select --
Monday
Tuesday
Wednesday
Thursday
Friday
Saturday
Sunday
')]' not found)

2018-07-26 13:02:04 - [TEST_STEP][PASSED] - openBrowser: Browser is opened with url: ''

2018-07-26 13:02:08 - [MESSAGE][PASSED] - Browser is opened with url: ''

2018-07-26 13:02:08 - [TEST_STEP][PASSED] - navigateToUrl: Navigate to 'https://opensource-demo.orangehrmlive.com/' successfully

2018-07-26 13:02:12 - [MESSAGE][PASSED] - Navigate to 'https://opensource-demo.orangehrmlive.com/' successfully

2018-07-26 13:02:12 - [TEST_STEP][PASSED] - setText: Text 'Admin' is set on object 'Object Repository/Orange HRM Test/Page_OrangeHRM/input_txtUsername (1)'

2018-07-26 13:02:12 - [MESSAGE][PASSED] - Text 'Admin' is set on object 'Object Repository/Orange HRM Test/Page_OrangeHRM/input_txtUsername (1)'

2018-07-26 13:02:12 - [TEST_STEP][PASSED] - setEncryptedText: Text ****** has been set on object 'Object Repository/Orange HRM Test/Page_OrangeHRM/input_txtPassword (1)'

2018-07-26 13:02:12 - [MESSAGE][PASSED] - Text ****** has been set on object 'Object Repository/Orange HRM Test/Page_OrangeHRM/input_txtPassword (1)'

2018-07-26 13:02:12 - [TEST_STEP][PASSED] - click: Object: 'Object Repository/Orange HRM Test/Page_OrangeHRM/input_Submit (1)' is clicked on

2018-07-26 13:02:14 - [MESSAGE][PASSED] - Object: 'Object Repository/Orange HRM Test/Page_OrangeHRM/input_Submit (1)' is clicked on

2018-07-26 13:02:14 - [TEST_STEP][PASSED] - click: Object: 'Object Repository/Orange HRM Test/Page_OrangeHRM/b_Time (1)' is clicked on

2018-07-26 13:02:15 - [MESSAGE][PASSED] - Object: 'Object Repository/Orange HRM Test/Page_OrangeHRM/b_Time (1)' is clicked on

2018-07-26 13:02:15 - [TEST_STEP][FAILED] - selectOptionByValue: Unable to select option by value '1' of object 'Object Repository/Orange HRM Test/Page_OrangeHRM/select_-- Select --MondayTuesd'  using regular expression (Root cause: com.kms.katalon.core.webui.exception.WebElementNotFoundException: Web element with id: 'Object Repository/Orange HRM Test/Page_OrangeHRM/select_-- Select --MondayTuesd' located by 'By.xpath: //select[@name = 'time[startingDays]' and @id = 'time_startingDays' and (text() = '
-- Select --
Monday
Tuesday
Wednesday
Thursday
Friday
Saturday
Sunday
' or . = '
-- Select --
Monday
Tuesday
Wednesday
Thursday
Friday
Saturday
Sunday
')]' not found)

2018-07-26 13:02:46 - [MESSAGE][FAILED] - Unable to select option by value '1' of object 'Object Repository/Orange HRM Test/Page_OrangeHRM/select_-- Select --MondayTuesd'  using regular expression (Root cause: com.kms.katalon.core.webui.exception.WebElementNotFoundException: Web element with id: 'Object Repository/Orange HRM Test/Page_OrangeHRM/select_-- Select --MondayTuesd' located by 'By.xpath: //select[@name = 'time[startingDays]' and @id = 'time_startingDays' and (text() = '
-- Select --
Monday
Tuesday
Wednesday
Thursday
Friday
Saturday
Sunday
' or . = '
-- Select --
Monday
Tuesday
Wednesday
Thursday
Friday
Saturday
Sunday
')]' not found)
[[ATTACHMENT|C:\\Users\\slk\\Katalon Studio\\Demo\\Reports\\orange HRM\\20180726_130136\\1532590366370.png]]]]></system-out>
         <system-err><![CDATA[2018-07-26 13:02:03 - [TEST_CASE][FAILED] - Test Cases/DAY1/Orange validation 2: Test Cases/DAY1/Orange validation 2 FAILED because (of) Unable to select option by value '1' of object 'Object Repository/Orange HRM Test/Page_OrangeHRM/select_-- Select --MondayTuesd'  using regular expression (Root cause: com.kms.katalon.core.webui.exception.WebElementNotFoundException: Web element with id: 'Object Repository/Orange HRM Test/Page_OrangeHRM/select_-- Select --MondayTuesd' located by 'By.xpath: //select[@name = 'time[startingDays]' and @id = 'time_startingDays' and (text() = '
-- Select --
Monday
Tuesday
Wednesday
Thursday
Friday
Saturday
Sunday
' or . = '
-- Select --
Monday
Tuesday
Wednesday
Thursday
Friday
Saturday
Sunday
')]' not found)]]></system-err>
      </testcase>
      <system-out><![CDATA[2018-07-26 13:01:38 - [TEST_SUITE][FAILED] - orange HRM: Test Cases/DAY1/Orange validation 2 FAILED because (of) Unable to select option by value '1' of object 'Object Repository/Orange HRM Test/Page_OrangeHRM/select_-- Select --MondayTuesd'  using regular expression (Root cause: com.kms.katalon.core.webui.exception.WebElementNotFoundException: Web element with id: 'Object Repository/Orange HRM Test/Page_OrangeHRM/select_-- Select --MondayTuesd' located by 'By.xpath: //select[@name = 'time[startingDays]' and @id = 'time_startingDays' and (text() = '
-- Select --
Monday
Tuesday
Wednesday
Thursday
Friday
Saturday
Sunday
' or . = '
-- Select --
Monday
Tuesday
Wednesday
Thursday
Friday
Saturday
Sunday
')]' not found)]]></system-out>
      <system-err><![CDATA[2018-07-26 13:01:38 - [TEST_SUITE][FAILED] - orange HRM: Test Cases/DAY1/Orange validation 2 FAILED because (of) Unable to select option by value '1' of object 'Object Repository/Orange HRM Test/Page_OrangeHRM/select_-- Select --MondayTuesd'  using regular expression (Root cause: com.kms.katalon.core.webui.exception.WebElementNotFoundException: Web element with id: 'Object Repository/Orange HRM Test/Page_OrangeHRM/select_-- Select --MondayTuesd' located by 'By.xpath: //select[@name = 'time[startingDays]' and @id = 'time_startingDays' and (text() = '
-- Select --
Monday
Tuesday
Wednesday
Thursday
Friday
Saturday
Sunday
' or . = '
-- Select --
Monday
Tuesday
Wednesday
Thursday
Friday
Saturday
Sunday
')]' not found)]]></system-err>
   </testsuite>
</testsuites>
