<?xml version="1.0" encoding="UTF-8"?>
<testsuites name="VAR2" time="32" tests="2" failures="0" errors="0">
   <testsuite name="VAR2" tests="2" failures="0" errors="0" time="32" timestamp="2018-07-25 11:24:31" hostname="slk - WSLK1FFTRFW-01.SLKSOFT.COM" id="Test Suites/VAR2">
      <properties>
         <property name="deviceName" value=""/>
         <property name="devicePlatform" value=""/>
         <property name="logFolder" value="C:\\Users\\slk\\Katalon Studio\\Demo\\Reports\\VAR2\\20180725_112405"/>
         <property name="logFiles" value="C:\\Users\\slk\\Katalon Studio\\Demo\\Reports\\VAR2\\20180725_112405\\execution0.log"/>
         <property name="attachments" value=""/>
         <property name="hostName" value="slk - WSLK1FFTRFW-01.SLKSOFT.COM"/>
         <property name="os" value="Windows 7 64bit"/>
         <property name="katalonVersion" value="5.5.0.1"/>
         <property name="browser" value="Firefox 61.0"/>
         <property name="hostAddress" value="192.168.56.1"/>
         <property name="sessionId" value="e589475e-df22-4db9-bbec-d680b5879090"/>
         <property name="seleniumVersion" value="3.7.1"/>
         <property name="proxyInformation" value="ProxyInformation{proxyOption=NO_PROXY, proxyServerType=HTTP, password=, proxyServerAddress=, proxyServerPort=0}"/>
         <property name="platform" value="Windows 7"/>
      </properties>
      <testcase name="Test Cases/DAY1/Orange HRM" classname="Test Cases/DAY1/Orange HRM" status="PASSED">
         <system-out><![CDATA[2018-07-25 11:24:32 - [TEST_CASE][PASSED] - Test Cases/DAY1/Orange HRM: Test Cases/DAY1/Orange HRM

2018-07-25 11:24:32 - [TEST_STEP][PASSED] - openBrowser: Browser is opened with url: ''

2018-07-25 11:24:37 - [MESSAGE][PASSED] - Browser is opened with url: ''

2018-07-25 11:24:37 - [TEST_STEP][PASSED] - navigateToUrl: Navigate to 'https://opensource-demo.orangehrmlive.com/' successfully

2018-07-25 11:24:41 - [MESSAGE][PASSED] - Navigate to 'https://opensource-demo.orangehrmlive.com/' successfully

2018-07-25 11:24:41 - [TEST_STEP][PASSED] - click: Object: 'Object Repository/Orange HRM Test/Page_OrangeHRM/span_Username' is clicked on

2018-07-25 11:24:41 - [MESSAGE][PASSED] - Object: 'Object Repository/Orange HRM Test/Page_OrangeHRM/span_Username' is clicked on

2018-07-25 11:24:41 - [TEST_STEP][PASSED] - setText: Text 'Admin' is set on object 'Object Repository/Orange HRM Test/Page_OrangeHRM/input_txtUsername'

2018-07-25 11:24:41 - [MESSAGE][PASSED] - Text 'Admin' is set on object 'Object Repository/Orange HRM Test/Page_OrangeHRM/input_txtUsername'

2018-07-25 11:24:41 - [TEST_STEP][PASSED] - setEncryptedText: Text ****** has been set on object 'Object Repository/Orange HRM Test/Page_OrangeHRM/input_txtPassword'

2018-07-25 11:24:42 - [MESSAGE][PASSED] - Text ****** has been set on object 'Object Repository/Orange HRM Test/Page_OrangeHRM/input_txtPassword'

2018-07-25 11:24:42 - [TEST_STEP][PASSED] - click: Object: 'Object Repository/Orange HRM Test/Page_OrangeHRM/input_Submit' is clicked on

2018-07-25 11:24:44 - [MESSAGE][PASSED] - Object: 'Object Repository/Orange HRM Test/Page_OrangeHRM/input_Submit' is clicked on

2018-07-25 11:24:44 - [TEST_STEP][PASSED] - click: Object: 'Object Repository/Orange HRM Test/Page_OrangeHRM/b_Admin' is clicked on

2018-07-25 11:24:45 - [MESSAGE][PASSED] - Object: 'Object Repository/Orange HRM Test/Page_OrangeHRM/b_Admin' is clicked on

2018-07-25 11:24:45 - [TEST_STEP][PASSED] - click: Object: 'Object Repository/Orange HRM Test/Page_OrangeHRM/b_PIM' is clicked on

2018-07-25 11:24:46 - [MESSAGE][PASSED] - Object: 'Object Repository/Orange HRM Test/Page_OrangeHRM/b_PIM' is clicked on

2018-07-25 11:24:46 - [TEST_STEP][PASSED] - click: Object: 'Object Repository/Orange HRM Test/Page_OrangeHRM/b_Leave' is clicked on

2018-07-25 11:24:48 - [MESSAGE][PASSED] - Object: 'Object Repository/Orange HRM Test/Page_OrangeHRM/b_Leave' is clicked on

2018-07-25 11:24:48 - [TEST_STEP][PASSED] - click: Object: 'Object Repository/Orange HRM Test/Page_OrangeHRM/b_Time' is clicked on

2018-07-25 11:24:49 - [MESSAGE][PASSED] - Object: 'Object Repository/Orange HRM Test/Page_OrangeHRM/b_Time' is clicked on

2018-07-25 11:24:49 - [TEST_STEP][PASSED] - click: Object: 'Object Repository/Orange HRM Test/Page_OrangeHRM/b_Recruitment' is clicked on

2018-07-25 11:24:51 - [MESSAGE][PASSED] - Object: 'Object Repository/Orange HRM Test/Page_OrangeHRM/b_Recruitment' is clicked on

2018-07-25 11:24:51 - [TEST_STEP][PASSED] - click: Object: 'Object Repository/Orange HRM Test/Page_OrangeHRM/b_Dashboard' is clicked on

2018-07-25 11:24:52 - [MESSAGE][PASSED] - Object: 'Object Repository/Orange HRM Test/Page_OrangeHRM/b_Dashboard' is clicked on

2018-07-25 11:24:52 - [TEST_STEP][PASSED] - click: Object: 'Object Repository/Orange HRM Test/Page_OrangeHRM/img' is clicked on

2018-07-25 11:24:52 - [MESSAGE][PASSED] - Object: 'Object Repository/Orange HRM Test/Page_OrangeHRM/img' is clicked on

2018-07-25 11:24:52 - [TEST_STEP][PASSED] - closeBrowser: Browser is closed

2018-07-25 11:24:52 - [MESSAGE][PASSED] - Browser is closed]]></system-out>
         <system-err><![CDATA[]]></system-err>
      </testcase>
      <testcase name="Test Cases/DAY2/Test VAR_global" classname="Test Cases/DAY2/Test VAR_global" status="PASSED">
         <system-out><![CDATA[2018-07-25 11:24:52 - [TEST_CASE][PASSED] - Test Cases/DAY2/Test VAR_global: Test Cases/DAY2/Test VAR_global

2018-07-25 11:24:53 - [TEST_STEP][PASSED] - openBrowser: Browser is opened with url: ''

2018-07-25 11:24:57 - [MESSAGE][PASSED] - Browser is opened with url: ''

2018-07-25 11:24:57 - [TEST_STEP][PASSED] - navigateToUrl: Navigate to 'https://opensource-demo.orangehrmlive.com/' successfully

2018-07-25 11:25:01 - [MESSAGE][PASSED] - Navigate to 'https://opensource-demo.orangehrmlive.com/' successfully

2018-07-25 11:25:01 - [TEST_STEP][PASSED] - setText: Text 'Admin' is set on object 'Object Repository/variable test/Page_OrangeHRM/input_txtUsername'

2018-07-25 11:25:01 - [MESSAGE][PASSED] - Text 'Admin' is set on object 'Object Repository/variable test/Page_OrangeHRM/input_txtUsername'

2018-07-25 11:25:01 - [TEST_STEP][PASSED] - setText: Text 'admin123' is set on object 'Object Repository/variable test/Page_OrangeHRM/input_txtPassword'

2018-07-25 11:25:01 - [MESSAGE][PASSED] - Text 'admin123' is set on object 'Object Repository/variable test/Page_OrangeHRM/input_txtPassword'

2018-07-25 11:25:01 - [TEST_STEP][PASSED] - click: Object: 'Object Repository/variable test/Page_OrangeHRM/input_Submit' is clicked on

2018-07-25 11:25:03 - [MESSAGE][PASSED] - Object: 'Object Repository/variable test/Page_OrangeHRM/input_Submit' is clicked on

2018-07-25 11:25:03 - [TEST_STEP][PASSED] - closeBrowser: Browser is closed

2018-07-25 11:25:04 - [MESSAGE][PASSED] - Browser is closed]]></system-out>
         <system-err><![CDATA[]]></system-err>
      </testcase>
      <system-out><![CDATA[2018-07-25 11:24:31 - [TEST_SUITE][PASSED] - VAR2: Test Cases/DAY2/Test VAR_global]]></system-out>
      <system-err><![CDATA[]]></system-err>
   </testsuite>
</testsuites>
