<?xml version="1.0" encoding="UTF-8"?>
<testsuites name="VAR" time="16" tests="2" failures="0" errors="0">
   <testsuite name="VAR" tests="2" failures="0" errors="0" time="16" timestamp="2018-07-25 11:18:35" hostname="slk - WSLK1FFTRFW-01.SLKSOFT.COM" id="Test Suites/VAR">
      <properties>
         <property name="deviceName" value=""/>
         <property name="devicePlatform" value=""/>
         <property name="logFolder" value="C:\\Users\\slk\\Katalon Studio\\Demo\\Reports\\VAR\\20180725_111834"/>
         <property name="logFiles" value="C:\\Users\\slk\\Katalon Studio\\Demo\\Reports\\VAR\\20180725_111834\\execution0.log"/>
         <property name="attachments" value=""/>
         <property name="hostName" value="slk - WSLK1FFTRFW-01.SLKSOFT.COM"/>
         <property name="os" value="Windows 7 64bit"/>
         <property name="katalonVersion" value="5.5.0.1"/>
         <property name="browser" value="Chrome 67.0.3396.99"/>
         <property name="hostAddress" value="192.168.56.1"/>
         <property name="sessionId" value="6e487e4df605bcdbf0883d67a33f7f3c"/>
         <property name="seleniumVersion" value="3.7.1"/>
         <property name="proxyInformation" value="ProxyInformation{proxyOption=NO_PROXY, proxyServerType=HTTP, password=, proxyServerAddress=, proxyServerPort=0}"/>
         <property name="platform" value="Windows 7"/>
      </properties>
      <testcase name="Test Cases/DAY2/Test VAR" classname="Test Cases/DAY2/Test VAR" status="PASSED">
         <system-out><![CDATA[2018-07-25 11:18:35 - [TEST_CASE][PASSED] - Test Cases/DAY2/Test VAR: Test Cases/DAY2/Test VAR

2018-07-25 11:18:36 - [TEST_STEP][PASSED] - openBrowser: Browser is opened with url: ''

2018-07-25 11:18:38 - [MESSAGE][PASSED] - Browser is opened with url: ''

2018-07-25 11:18:38 - [TEST_STEP][PASSED] - navigateToUrl: Navigate to 'https://opensource-demo.orangehrmlive.com/' successfully

2018-07-25 11:18:42 - [MESSAGE][PASSED] - Navigate to 'https://opensource-demo.orangehrmlive.com/' successfully

2018-07-25 11:18:42 - [TEST_STEP][PASSED] - setText: Text 'AdminREG' is set on object 'Object Repository/variable test/Page_OrangeHRM/input_txtUsername'

2018-07-25 11:18:42 - [MESSAGE][PASSED] - Text 'AdminREG' is set on object 'Object Repository/variable test/Page_OrangeHRM/input_txtUsername'

2018-07-25 11:18:42 - [TEST_STEP][PASSED] - setText: Text 'admin123' is set on object 'Object Repository/variable test/Page_OrangeHRM/input_txtPassword'

2018-07-25 11:18:43 - [MESSAGE][PASSED] - Text 'admin123' is set on object 'Object Repository/variable test/Page_OrangeHRM/input_txtPassword'

2018-07-25 11:18:43 - [TEST_STEP][PASSED] - click: Object: 'Object Repository/variable test/Page_OrangeHRM/input_Submit' is clicked on

2018-07-25 11:18:43 - [MESSAGE][PASSED] - Object: 'Object Repository/variable test/Page_OrangeHRM/input_Submit' is clicked on

2018-07-25 11:18:43 - [TEST_STEP][PASSED] - closeBrowser: Browser is closed

2018-07-25 11:18:44 - [MESSAGE][PASSED] - Browser is closed]]></system-out>
         <system-err><![CDATA[]]></system-err>
      </testcase>
      <testcase name="Test Cases/DAY2/Test VAR_global" classname="Test Cases/DAY2/Test VAR_global" status="PASSED">
         <system-out><![CDATA[2018-07-25 11:18:44 - [TEST_CASE][PASSED] - Test Cases/DAY2/Test VAR_global: Test Cases/DAY2/Test VAR_global

2018-07-25 11:18:44 - [TEST_STEP][PASSED] - openBrowser: Browser is opened with url: ''

2018-07-25 11:18:46 - [MESSAGE][PASSED] - Browser is opened with url: ''

2018-07-25 11:18:46 - [TEST_STEP][PASSED] - navigateToUrl: Navigate to 'https://opensource-demo.orangehrmlive.com/' successfully

2018-07-25 11:18:50 - [MESSAGE][PASSED] - Navigate to 'https://opensource-demo.orangehrmlive.com/' successfully

2018-07-25 11:18:50 - [TEST_STEP][PASSED] - setText: Text 'AdminREG' is set on object 'Object Repository/variable test/Page_OrangeHRM/input_txtUsername'

2018-07-25 11:18:50 - [MESSAGE][PASSED] - Text 'AdminREG' is set on object 'Object Repository/variable test/Page_OrangeHRM/input_txtUsername'

2018-07-25 11:18:50 - [TEST_STEP][PASSED] - setText: Text 'admin123' is set on object 'Object Repository/variable test/Page_OrangeHRM/input_txtPassword'

2018-07-25 11:18:50 - [MESSAGE][PASSED] - Text 'admin123' is set on object 'Object Repository/variable test/Page_OrangeHRM/input_txtPassword'

2018-07-25 11:18:50 - [TEST_STEP][PASSED] - click: Object: 'Object Repository/variable test/Page_OrangeHRM/input_Submit' is clicked on

2018-07-25 11:18:51 - [MESSAGE][PASSED] - Object: 'Object Repository/variable test/Page_OrangeHRM/input_Submit' is clicked on

2018-07-25 11:18:51 - [TEST_STEP][PASSED] - closeBrowser: Browser is closed

2018-07-25 11:18:52 - [MESSAGE][PASSED] - Browser is closed]]></system-out>
         <system-err><![CDATA[]]></system-err>
      </testcase>
      <system-out><![CDATA[2018-07-25 11:18:35 - [TEST_SUITE][PASSED] - VAR: Test Cases/DAY2/Test VAR_global]]></system-out>
      <system-err><![CDATA[]]></system-err>
   </testsuite>
</testsuites>
