<?xml version="1.0" encoding="UTF-8"?>
<testsuites name="orange HRM" time="42" tests="1" failures="1" errors="0">
   <testsuite name="orange HRM" tests="1" failures="1" errors="0" time="42" timestamp="2018-07-26 15:00:55" hostname="slk - WSLK1FFTRFW-01.SLKSOFT.COM" id="Test Suites/orange HRM">
      <properties>
         <property name="deviceName" value=""/>
         <property name="devicePlatform" value=""/>
         <property name="logFolder" value="C:\\Users\\slk\\Katalon Studio\\Demo\\Reports\\orange HRM\\20180726_150053"/>
         <property name="logFiles" value="C:\\Users\\slk\\Katalon Studio\\Demo\\Reports\\orange HRM\\20180726_150053\\execution0.log"/>
         <property name="attachments" value=""/>
         <property name="hostName" value="slk - WSLK1FFTRFW-01.SLKSOFT.COM"/>
         <property name="os" value="Windows 7 64bit"/>
         <property name="katalonVersion" value="5.5.0.1"/>
         <property name="browser" value="Firefox 61.0"/>
         <property name="hostAddress" value="192.168.56.1"/>
         <property name="sessionId" value="c7cc1722-f105-4772-a144-8df70daae915"/>
         <property name="seleniumVersion" value="3.7.1"/>
         <property name="proxyInformation" value="ProxyInformation{proxyOption=NO_PROXY, proxyServerType=HTTP, password=, proxyServerAddress=, proxyServerPort=0}"/>
         <property name="platform" value="Windows 7"/>
      </properties>
      <testcase name="Test Cases/DAY1/Orange HRM" classname="Test Cases/DAY1/Orange HRM" status="PASSED">
         <system-out><![CDATA[2018-07-26 15:00:55 - [TEST_CASE][PASSED] - Test Cases/DAY1/Orange HRM: Test Cases/DAY1/Orange HRM

2018-07-26 15:00:56 - [TEST_STEP][PASSED] - openBrowser: Browser is opened with url: ''

2018-07-26 15:01:03 - [MESSAGE][PASSED] - Browser is opened with url: ''

2018-07-26 15:01:03 - [TEST_STEP][PASSED] - navigateToUrl: Navigate to 'https://opensource-demo.orangehrmlive.com/' successfully

2018-07-26 15:01:07 - [MESSAGE][PASSED] - Navigate to 'https://opensource-demo.orangehrmlive.com/' successfully

2018-07-26 15:01:07 - [TEST_STEP][PASSED] - click: Object: 'Object Repository/Orange HRM Test/Page_OrangeHRM/span_Username' is clicked on

2018-07-26 15:01:07 - [MESSAGE][PASSED] - Object: 'Object Repository/Orange HRM Test/Page_OrangeHRM/span_Username' is clicked on

2018-07-26 15:01:07 - [TEST_STEP][PASSED] - setText: Text 'Admin' is set on object 'Object Repository/Orange HRM Test/Page_OrangeHRM/input_txtUsername'

2018-07-26 15:01:08 - [MESSAGE][PASSED] - Text 'Admin' is set on object 'Object Repository/Orange HRM Test/Page_OrangeHRM/input_txtUsername'

2018-07-26 15:01:08 - [TEST_STEP][PASSED] - setEncryptedText: Text ****** has been set on object 'Object Repository/Orange HRM Test/Page_OrangeHRM/input_txtPassword'

2018-07-26 15:01:08 - [MESSAGE][PASSED] - Text ****** has been set on object 'Object Repository/Orange HRM Test/Page_OrangeHRM/input_txtPassword'

2018-07-26 15:01:08 - [TEST_STEP][PASSED] - click: Object: 'Object Repository/Orange HRM Test/Page_OrangeHRM/input_Submit' is clicked on

2018-07-26 15:01:10 - [MESSAGE][PASSED] - Object: 'Object Repository/Orange HRM Test/Page_OrangeHRM/input_Submit' is clicked on

2018-07-26 15:01:10 - [TEST_STEP][PASSED] - click: Object: 'Object Repository/Orange HRM Test/Page_OrangeHRM/b_Admin' is clicked on

2018-07-26 15:01:11 - [MESSAGE][PASSED] - Object: 'Object Repository/Orange HRM Test/Page_OrangeHRM/b_Admin' is clicked on

2018-07-26 15:01:11 - [TEST_STEP][PASSED] - click: Object: 'Object Repository/Orange HRM Test/Page_OrangeHRM/b_PIM' is clicked on

2018-07-26 15:01:12 - [MESSAGE][PASSED] - Object: 'Object Repository/Orange HRM Test/Page_OrangeHRM/b_PIM' is clicked on

2018-07-26 15:01:12 - [TEST_STEP][PASSED] - click: Object: 'Object Repository/Orange HRM Test/Page_OrangeHRM/b_Leave' is clicked on

2018-07-26 15:01:15 - [MESSAGE][PASSED] - Object: 'Object Repository/Orange HRM Test/Page_OrangeHRM/b_Leave' is clicked on

2018-07-26 15:01:15 - [TEST_STEP][PASSED] - click: Object: 'Object Repository/Orange HRM Test/Page_OrangeHRM/b_Time' is clicked on

2018-07-26 15:01:16 - [MESSAGE][PASSED] - Object: 'Object Repository/Orange HRM Test/Page_OrangeHRM/b_Time' is clicked on

2018-07-26 15:01:16 - [TEST_STEP][PASSED] - click: Object: 'Object Repository/Orange HRM Test/Page_OrangeHRM/b_Recruitment' is clicked on

2018-07-26 15:01:17 - [MESSAGE][PASSED] - Object: 'Object Repository/Orange HRM Test/Page_OrangeHRM/b_Recruitment' is clicked on

2018-07-26 15:01:17 - [TEST_STEP][PASSED] - click: Object: 'Object Repository/Orange HRM Test/Page_OrangeHRM/b_Dashboard' is clicked on

2018-07-26 15:01:18 - [MESSAGE][PASSED] - Object: 'Object Repository/Orange HRM Test/Page_OrangeHRM/b_Dashboard' is clicked on

2018-07-26 15:01:18 - [TEST_STEP][PASSED] - click: Object: 'Object Repository/Orange HRM Test/Page_OrangeHRM/img' is clicked on

2018-07-26 15:01:19 - [MESSAGE][PASSED] - Object: 'Object Repository/Orange HRM Test/Page_OrangeHRM/img' is clicked on

2018-07-26 15:01:19 - [TEST_STEP][PASSED] - closeBrowser: Browser is closed

2018-07-26 15:01:20 - [MESSAGE][PASSED] - Browser is closed]]></system-out>
         <system-err><![CDATA[]]></system-err>
      </testcase>
      <testcase name="Test Cases/DAY1/Orange validation 2" classname="Test Cases/DAY1/Orange validation 2" status="FAILED">
         <failure type="FAILED" message="Unable to select option by value '1' of object 'Object Repository/Orange HRM Test/Page_OrangeHRM/select_-- Select --MondayTuesd'  using regular expression (Root cause: org.openqa.selenium.WebDriverException: Failed to decode response from marionette
Build info: version: '3.7.1', revision: '8a0099a', time: '2017-11-06T21:07:36.161Z'
System info: host: 'WSLK1FFTRFW-01', ip: '192.168.56.1', os.name: 'Windows 7', os.arch: 'amd64', os.version: '6.1', java.version: '1.8.0_102'
Driver info: com.kms.katalon.core.webui.driver.firefox.CGeckoDriver
Capabilities {acceptInsecureCerts: true, browserName: firefox, browserVersion: 61.0.1, javascriptEnabled: true, moz:accessibilityChecks: false, moz:headless: false, moz:processID: 15796, moz:profile: C:\Users\slk\AppData\Local\..., moz:useNonSpecCompliantPointerOrigin: false, moz:webdriverClick: true, pageLoadStrategy: normal, platform: XP, platformName: XP, platformVersion: 6.1, proxy: Proxy(direct), rotatable: false, timeouts: {implicit: 0, pageLoad: 300000, script: 30000}}
Session ID: c7cc1722-f105-4772-a144-8df70daae915
*** Element info: {Using=xpath, value=//select[@name = 'time[startingDays]' and @id = 'time_startingDays' and (text() = '
-- Select --
Monday
Tuesday
Wednesday
Thursday
Friday
Saturday
Sunday
' or . = '
-- Select --
Monday
Tuesday
Wednesday
Thursday
Friday
Saturday
Sunday
')]})"/>
         <system-out><![CDATA[2018-07-26 15:01:20 - [TEST_CASE][FAILED] - Test Cases/DAY1/Orange validation 2: Test Cases/DAY1/Orange validation 2 FAILED because (of) Unable to select option by value '1' of object 'Object Repository/Orange HRM Test/Page_OrangeHRM/select_-- Select --MondayTuesd'  using regular expression (Root cause: org.openqa.selenium.WebDriverException: Failed to decode response from marionette
Build info: version: '3.7.1', revision: '8a0099a', time: '2017-11-06T21:07:36.161Z'
System info: host: 'WSLK1FFTRFW-01', ip: '192.168.56.1', os.name: 'Windows 7', os.arch: 'amd64', os.version: '6.1', java.version: '1.8.0_102'
Driver info: com.kms.katalon.core.webui.driver.firefox.CGeckoDriver
Capabilities {acceptInsecureCerts: true, browserName: firefox, browserVersion: 61.0.1, javascriptEnabled: true, moz:accessibilityChecks: false, moz:headless: false, moz:processID: 15796, moz:profile: C:\Users\slk\AppData\Local\..., moz:useNonSpecCompliantPointerOrigin: false, moz:webdriverClick: true, pageLoadStrategy: normal, platform: XP, platformName: XP, platformVersion: 6.1, proxy: Proxy(direct), rotatable: false, timeouts: {implicit: 0, pageLoad: 300000, script: 30000}}
Session ID: c7cc1722-f105-4772-a144-8df70daae915
*** Element info: {Using=xpath, value=//select[@name = 'time[startingDays]' and @id = 'time_startingDays' and (text() = '
-- Select --
Monday
Tuesday
Wednesday
Thursday
Friday
Saturday
Sunday
' or . = '
-- Select --
Monday
Tuesday
Wednesday
Thursday
Friday
Saturday
Sunday
')]})

2018-07-26 15:01:20 - [TEST_STEP][PASSED] - openBrowser: Browser is opened with url: ''

2018-07-26 15:01:24 - [MESSAGE][PASSED] - Browser is opened with url: ''

2018-07-26 15:01:24 - [TEST_STEP][PASSED] - navigateToUrl: Navigate to 'https://opensource-demo.orangehrmlive.com/' successfully

2018-07-26 15:01:27 - [MESSAGE][PASSED] - Navigate to 'https://opensource-demo.orangehrmlive.com/' successfully

2018-07-26 15:01:27 - [TEST_STEP][PASSED] - setText: Text 'Admin' is set on object 'Object Repository/Orange HRM Test/Page_OrangeHRM/input_txtUsername (1)'

2018-07-26 15:01:27 - [MESSAGE][PASSED] - Text 'Admin' is set on object 'Object Repository/Orange HRM Test/Page_OrangeHRM/input_txtUsername (1)'

2018-07-26 15:01:27 - [TEST_STEP][PASSED] - setEncryptedText: Text ****** has been set on object 'Object Repository/Orange HRM Test/Page_OrangeHRM/input_txtPassword (1)'

2018-07-26 15:01:27 - [MESSAGE][PASSED] - Text ****** has been set on object 'Object Repository/Orange HRM Test/Page_OrangeHRM/input_txtPassword (1)'

2018-07-26 15:01:27 - [TEST_STEP][PASSED] - click: Object: 'Object Repository/Orange HRM Test/Page_OrangeHRM/input_Submit (1)' is clicked on

2018-07-26 15:01:30 - [MESSAGE][PASSED] - Object: 'Object Repository/Orange HRM Test/Page_OrangeHRM/input_Submit (1)' is clicked on

2018-07-26 15:01:30 - [TEST_STEP][PASSED] - click: Object: 'Object Repository/Orange HRM Test/Page_OrangeHRM/b_Time (1)' is clicked on

2018-07-26 15:01:30 - [MESSAGE][PASSED] - Object: 'Object Repository/Orange HRM Test/Page_OrangeHRM/b_Time (1)' is clicked on

2018-07-26 15:01:30 - [TEST_STEP][FAILED] - selectOptionByValue: Unable to select option by value '1' of object 'Object Repository/Orange HRM Test/Page_OrangeHRM/select_-- Select --MondayTuesd'  using regular expression (Root cause: org.openqa.selenium.WebDriverException: Failed to decode response from marionette
Build info: version: '3.7.1', revision: '8a0099a', time: '2017-11-06T21:07:36.161Z'
System info: host: 'WSLK1FFTRFW-01', ip: '192.168.56.1', os.name: 'Windows 7', os.arch: 'amd64', os.version: '6.1', java.version: '1.8.0_102'
Driver info: com.kms.katalon.core.webui.driver.firefox.CGeckoDriver
Capabilities {acceptInsecureCerts: true, browserName: firefox, browserVersion: 61.0.1, javascriptEnabled: true, moz:accessibilityChecks: false, moz:headless: false, moz:processID: 15796, moz:profile: C:\Users\slk\AppData\Local\..., moz:useNonSpecCompliantPointerOrigin: false, moz:webdriverClick: true, pageLoadStrategy: normal, platform: XP, platformName: XP, platformVersion: 6.1, proxy: Proxy(direct), rotatable: false, timeouts: {implicit: 0, pageLoad: 300000, script: 30000}}
Session ID: c7cc1722-f105-4772-a144-8df70daae915
*** Element info: {Using=xpath, value=//select[@name = 'time[startingDays]' and @id = 'time_startingDays' and (text() = '
-- Select --
Monday
Tuesday
Wednesday
Thursday
Friday
Saturday
Sunday
' or . = '
-- Select --
Monday
Tuesday
Wednesday
Thursday
Friday
Saturday
Sunday
')]})

2018-07-26 15:01:38 - [MESSAGE][WARNING] - Cannot take screenshot

2018-07-26 15:01:38 - [MESSAGE][FAILED] - Unable to select option by value '1' of object 'Object Repository/Orange HRM Test/Page_OrangeHRM/select_-- Select --MondayTuesd'  using regular expression (Root cause: org.openqa.selenium.WebDriverException: Failed to decode response from marionette
Build info: version: '3.7.1', revision: '8a0099a', time: '2017-11-06T21:07:36.161Z'
System info: host: 'WSLK1FFTRFW-01', ip: '192.168.56.1', os.name: 'Windows 7', os.arch: 'amd64', os.version: '6.1', java.version: '1.8.0_102'
Driver info: com.kms.katalon.core.webui.driver.firefox.CGeckoDriver
Capabilities {acceptInsecureCerts: true, browserName: firefox, browserVersion: 61.0.1, javascriptEnabled: true, moz:accessibilityChecks: false, moz:headless: false, moz:processID: 15796, moz:profile: C:\Users\slk\AppData\Local\..., moz:useNonSpecCompliantPointerOrigin: false, moz:webdriverClick: true, pageLoadStrategy: normal, platform: XP, platformName: XP, platformVersion: 6.1, proxy: Proxy(direct), rotatable: false, timeouts: {implicit: 0, pageLoad: 300000, script: 30000}}
Session ID: c7cc1722-f105-4772-a144-8df70daae915
*** Element info: {Using=xpath, value=//select[@name = 'time[startingDays]' and @id = 'time_startingDays' and (text() = '
-- Select --
Monday
Tuesday
Wednesday
Thursday
Friday
Saturday
Sunday
' or . = '
-- Select --
Monday
Tuesday
Wednesday
Thursday
Friday
Saturday
Sunday
')]})]]></system-out>
         <system-err><![CDATA[2018-07-26 15:01:20 - [TEST_CASE][FAILED] - Test Cases/DAY1/Orange validation 2: Test Cases/DAY1/Orange validation 2 FAILED because (of) Unable to select option by value '1' of object 'Object Repository/Orange HRM Test/Page_OrangeHRM/select_-- Select --MondayTuesd'  using regular expression (Root cause: org.openqa.selenium.WebDriverException: Failed to decode response from marionette
Build info: version: '3.7.1', revision: '8a0099a', time: '2017-11-06T21:07:36.161Z'
System info: host: 'WSLK1FFTRFW-01', ip: '192.168.56.1', os.name: 'Windows 7', os.arch: 'amd64', os.version: '6.1', java.version: '1.8.0_102'
Driver info: com.kms.katalon.core.webui.driver.firefox.CGeckoDriver
Capabilities {acceptInsecureCerts: true, browserName: firefox, browserVersion: 61.0.1, javascriptEnabled: true, moz:accessibilityChecks: false, moz:headless: false, moz:processID: 15796, moz:profile: C:\Users\slk\AppData\Local\..., moz:useNonSpecCompliantPointerOrigin: false, moz:webdriverClick: true, pageLoadStrategy: normal, platform: XP, platformName: XP, platformVersion: 6.1, proxy: Proxy(direct), rotatable: false, timeouts: {implicit: 0, pageLoad: 300000, script: 30000}}
Session ID: c7cc1722-f105-4772-a144-8df70daae915
*** Element info: {Using=xpath, value=//select[@name = 'time[startingDays]' and @id = 'time_startingDays' and (text() = '
-- Select --
Monday
Tuesday
Wednesday
Thursday
Friday
Saturday
Sunday
' or . = '
-- Select --
Monday
Tuesday
Wednesday
Thursday
Friday
Saturday
Sunday
')]})]]></system-err>
      </testcase>
      <system-out><![CDATA[2018-07-26 15:00:55 - [TEST_SUITE][INCOMPLETE] - orange HRM: null]]></system-out>
      <system-err><![CDATA[2018-07-26 15:00:55 - [TEST_SUITE][INCOMPLETE] - orange HRM: null]]></system-err>
   </testsuite>
</testsuites>
