<?xml version="1.0" encoding="UTF-8"?>
<testsuites name="VAR" time="9" tests="1" failures="0" errors="0">
   <testsuite name="VAR" tests="1" failures="0" errors="0" time="9" timestamp="2018-07-25 11:13:28" hostname="slk - WSLK1FFTRFW-01.SLKSOFT.COM" id="Test Suites/VAR">
      <properties>
         <property name="deviceName" value=""/>
         <property name="devicePlatform" value=""/>
         <property name="logFolder" value="C:\\Users\\slk\\Katalon Studio\\Demo\\Reports\\VAR\\20180725_111327"/>
         <property name="logFiles" value="C:\\Users\\slk\\Katalon Studio\\Demo\\Reports\\VAR\\20180725_111327\\execution0.log"/>
         <property name="attachments" value=""/>
         <property name="hostName" value="slk - WSLK1FFTRFW-01.SLKSOFT.COM"/>
         <property name="os" value="Windows 7 64bit"/>
         <property name="katalonVersion" value="5.5.0.1"/>
         <property name="browser" value="Chrome 67.0.3396.99"/>
         <property name="hostAddress" value="192.168.56.1"/>
         <property name="sessionId" value="41546065bc562a59b21809f7eb7859aa"/>
         <property name="seleniumVersion" value="3.7.1"/>
         <property name="proxyInformation" value="ProxyInformation{proxyOption=NO_PROXY, proxyServerType=HTTP, password=, proxyServerAddress=, proxyServerPort=0}"/>
         <property name="platform" value="Windows 7"/>
      </properties>
      <testcase name="Test Cases/Test VAR" classname="Test Cases/Test VAR" status="PASSED">
         <system-out><![CDATA[2018-07-25 11:13:29 - [TEST_CASE][PASSED] - Test Cases/Test VAR: Test Cases/Test VAR

2018-07-25 11:13:29 - [TEST_STEP][PASSED] - openBrowser: Browser is opened with url: ''

2018-07-25 11:13:32 - [MESSAGE][PASSED] - Browser is opened with url: ''

2018-07-25 11:13:32 - [TEST_STEP][PASSED] - navigateToUrl: Navigate to 'https://opensource-demo.orangehrmlive.com/' successfully

2018-07-25 11:13:36 - [MESSAGE][PASSED] - Navigate to 'https://opensource-demo.orangehrmlive.com/' successfully

2018-07-25 11:13:36 - [TEST_STEP][PASSED] - setText: Text 'AdminREG' is set on object 'Object Repository/variable test/Page_OrangeHRM/input_txtUsername'

2018-07-25 11:13:36 - [MESSAGE][PASSED] - Text 'AdminREG' is set on object 'Object Repository/variable test/Page_OrangeHRM/input_txtUsername'

2018-07-25 11:13:36 - [TEST_STEP][PASSED] - setText: Text 'admin123' is set on object 'Object Repository/variable test/Page_OrangeHRM/input_txtPassword'

2018-07-25 11:13:36 - [MESSAGE][PASSED] - Text 'admin123' is set on object 'Object Repository/variable test/Page_OrangeHRM/input_txtPassword'

2018-07-25 11:13:36 - [TEST_STEP][PASSED] - click: Object: 'Object Repository/variable test/Page_OrangeHRM/input_Submit' is clicked on

2018-07-25 11:13:37 - [MESSAGE][PASSED] - Object: 'Object Repository/variable test/Page_OrangeHRM/input_Submit' is clicked on

2018-07-25 11:13:37 - [TEST_STEP][PASSED] - closeBrowser: Browser is closed

2018-07-25 11:13:38 - [MESSAGE][PASSED] - Browser is closed]]></system-out>
         <system-err><![CDATA[]]></system-err>
      </testcase>
      <system-out><![CDATA[2018-07-25 11:13:28 - [TEST_SUITE][PASSED] - VAR: Test Cases/Test VAR]]></system-out>
      <system-err><![CDATA[]]></system-err>
   </testsuite>
</testsuites>
