<?xml version="1.0" encoding="UTF-8"?>
<testsuites name="orange HRM" time="6" tests="0" failures="2" errors="0">
   <testsuite name="orange HRM" tests="0" failures="2" errors="0" time="6" timestamp="2018-07-26 13:04:09" hostname="slk - WSLK1FFTRFW-01.SLKSOFT.COM" id="Test Suites/orange HRM">
      <properties>
         <property name="deviceName" value=""/>
         <property name="devicePlatform" value=""/>
         <property name="logFolder" value="C:\\Users\\slk\\Katalon Studio\\Demo\\Reports\\orange HRM\\20180726_130408"/>
         <property name="logFiles" value="C:\\Users\\slk\\Katalon Studio\\Demo\\Reports\\orange HRM\\20180726_130408\\execution0.log, C:\\Users\\slk\\Katalon Studio\\Demo\\Reports\\orange HRM\\20180726_130408\\IEDriverServer.log"/>
         <property name="attachments" value=""/>
         <property name="hostName" value="slk - WSLK1FFTRFW-01.SLKSOFT.COM"/>
         <property name="hostAddress" value="192.168.56.1"/>
         <property name="os" value="Windows 7 64bit"/>
         <property name="katalonVersion" value="5.5.0.1"/>
      </properties>
      <testcase name="Test Cases/DAY1/Orange HRM" classname="Test Cases/DAY1/Orange HRM" status="FAILED">
         <failure type="FAILED" message="Unable to open browser with url: '' (Root cause: org.openqa.selenium.SessionNotCreatedException: Unexpected error launching Internet Explorer. Browser zoom level was set to 119%. It should be set to 100%
Build info: version: '3.7.1', revision: '8a0099a', time: '2017-11-06T21:07:36.161Z'
System info: host: 'WSLK1FFTRFW-01', ip: '192.168.56.1', os.name: 'Windows 7', os.arch: 'amd64', os.version: '6.1', java.version: '1.8.0_102'
Driver info: driver.version: CInternetExplorerDriver
remote stacktrace: )"/>
         <system-out><![CDATA[2018-07-26 13:04:09 - [TEST_CASE][FAILED] - Test Cases/DAY1/Orange HRM: Test Cases/DAY1/Orange HRM FAILED because (of) Unable to open browser with url: '' (Root cause: org.openqa.selenium.SessionNotCreatedException: Unexpected error launching Internet Explorer. Browser zoom level was set to 119%. It should be set to 100%
Build info: version: '3.7.1', revision: '8a0099a', time: '2017-11-06T21:07:36.161Z'
System info: host: 'WSLK1FFTRFW-01', ip: '192.168.56.1', os.name: 'Windows 7', os.arch: 'amd64', os.version: '6.1', java.version: '1.8.0_102'
Driver info: driver.version: CInternetExplorerDriver
remote stacktrace: )

2018-07-26 13:04:09 - [TEST_STEP][FAILED] - openBrowser: Unable to open browser with url: '' (Root cause: org.openqa.selenium.SessionNotCreatedException: Unexpected error launching Internet Explorer. Browser zoom level was set to 119%. It should be set to 100%
Build info: version: '3.7.1', revision: '8a0099a', time: '2017-11-06T21:07:36.161Z'
System info: host: 'WSLK1FFTRFW-01', ip: '192.168.56.1', os.name: 'Windows 7', os.arch: 'amd64', os.version: '6.1', java.version: '1.8.0_102'
Driver info: driver.version: CInternetExplorerDriver
remote stacktrace: )

2018-07-26 13:04:12 - [MESSAGE][FAILED] - Unable to open browser with url: '' (Root cause: org.openqa.selenium.SessionNotCreatedException: Unexpected error launching Internet Explorer. Browser zoom level was set to 119%. It should be set to 100%
Build info: version: '3.7.1', revision: '8a0099a', time: '2017-11-06T21:07:36.161Z'
System info: host: 'WSLK1FFTRFW-01', ip: '192.168.56.1', os.name: 'Windows 7', os.arch: 'amd64', os.version: '6.1', java.version: '1.8.0_102'
Driver info: driver.version: CInternetExplorerDriver
remote stacktrace: )]]></system-out>
         <system-err><![CDATA[2018-07-26 13:04:09 - [TEST_CASE][FAILED] - Test Cases/DAY1/Orange HRM: Test Cases/DAY1/Orange HRM FAILED because (of) Unable to open browser with url: '' (Root cause: org.openqa.selenium.SessionNotCreatedException: Unexpected error launching Internet Explorer. Browser zoom level was set to 119%. It should be set to 100%
Build info: version: '3.7.1', revision: '8a0099a', time: '2017-11-06T21:07:36.161Z'
System info: host: 'WSLK1FFTRFW-01', ip: '192.168.56.1', os.name: 'Windows 7', os.arch: 'amd64', os.version: '6.1', java.version: '1.8.0_102'
Driver info: driver.version: CInternetExplorerDriver
remote stacktrace: )]]></system-err>
      </testcase>
      <testcase name="Test Cases/DAY1/Orange validation 2" classname="Test Cases/DAY1/Orange validation 2" status="FAILED">
         <failure type="FAILED" message="Unable to open browser with url: '' (Root cause: org.openqa.selenium.SessionNotCreatedException: Unexpected error launching Internet Explorer. Browser zoom level was set to 119%. It should be set to 100%
Build info: version: '3.7.1', revision: '8a0099a', time: '2017-11-06T21:07:36.161Z'
System info: host: 'WSLK1FFTRFW-01', ip: '192.168.56.1', os.name: 'Windows 7', os.arch: 'amd64', os.version: '6.1', java.version: '1.8.0_102'
Driver info: driver.version: CInternetExplorerDriver
remote stacktrace: )"/>
         <system-out><![CDATA[2018-07-26 13:04:12 - [TEST_CASE][FAILED] - Test Cases/DAY1/Orange validation 2: Test Cases/DAY1/Orange validation 2 FAILED because (of) Unable to open browser with url: '' (Root cause: org.openqa.selenium.SessionNotCreatedException: Unexpected error launching Internet Explorer. Browser zoom level was set to 119%. It should be set to 100%
Build info: version: '3.7.1', revision: '8a0099a', time: '2017-11-06T21:07:36.161Z'
System info: host: 'WSLK1FFTRFW-01', ip: '192.168.56.1', os.name: 'Windows 7', os.arch: 'amd64', os.version: '6.1', java.version: '1.8.0_102'
Driver info: driver.version: CInternetExplorerDriver
remote stacktrace: )

2018-07-26 13:04:13 - [TEST_STEP][FAILED] - openBrowser: Unable to open browser with url: '' (Root cause: org.openqa.selenium.SessionNotCreatedException: Unexpected error launching Internet Explorer. Browser zoom level was set to 119%. It should be set to 100%
Build info: version: '3.7.1', revision: '8a0099a', time: '2017-11-06T21:07:36.161Z'
System info: host: 'WSLK1FFTRFW-01', ip: '192.168.56.1', os.name: 'Windows 7', os.arch: 'amd64', os.version: '6.1', java.version: '1.8.0_102'
Driver info: driver.version: CInternetExplorerDriver
remote stacktrace: )

2018-07-26 13:04:15 - [MESSAGE][FAILED] - Unable to open browser with url: '' (Root cause: org.openqa.selenium.SessionNotCreatedException: Unexpected error launching Internet Explorer. Browser zoom level was set to 119%. It should be set to 100%
Build info: version: '3.7.1', revision: '8a0099a', time: '2017-11-06T21:07:36.161Z'
System info: host: 'WSLK1FFTRFW-01', ip: '192.168.56.1', os.name: 'Windows 7', os.arch: 'amd64', os.version: '6.1', java.version: '1.8.0_102'
Driver info: driver.version: CInternetExplorerDriver
remote stacktrace: )]]></system-out>
         <system-err><![CDATA[2018-07-26 13:04:12 - [TEST_CASE][FAILED] - Test Cases/DAY1/Orange validation 2: Test Cases/DAY1/Orange validation 2 FAILED because (of) Unable to open browser with url: '' (Root cause: org.openqa.selenium.SessionNotCreatedException: Unexpected error launching Internet Explorer. Browser zoom level was set to 119%. It should be set to 100%
Build info: version: '3.7.1', revision: '8a0099a', time: '2017-11-06T21:07:36.161Z'
System info: host: 'WSLK1FFTRFW-01', ip: '192.168.56.1', os.name: 'Windows 7', os.arch: 'amd64', os.version: '6.1', java.version: '1.8.0_102'
Driver info: driver.version: CInternetExplorerDriver
remote stacktrace: )]]></system-err>
      </testcase>
      <system-out><![CDATA[2018-07-26 13:04:09 - [TEST_SUITE][FAILED] - orange HRM: Test Cases/DAY1/Orange HRM FAILED because (of) Unable to open browser with url: '' (Root cause: org.openqa.selenium.SessionNotCreatedException: Unexpected error launching Internet Explorer. Browser zoom level was set to 119%. It should be set to 100%
Build info: version: '3.7.1', revision: '8a0099a', time: '2017-11-06T21:07:36.161Z'
System info: host: 'WSLK1FFTRFW-01', ip: '192.168.56.1', os.name: 'Windows 7', os.arch: 'amd64', os.version: '6.1', java.version: '1.8.0_102'
Driver info: driver.version: CInternetExplorerDriver
remote stacktrace: )]]></system-out>
      <system-err><![CDATA[2018-07-26 13:04:09 - [TEST_SUITE][FAILED] - orange HRM: Test Cases/DAY1/Orange HRM FAILED because (of) Unable to open browser with url: '' (Root cause: org.openqa.selenium.SessionNotCreatedException: Unexpected error launching Internet Explorer. Browser zoom level was set to 119%. It should be set to 100%
Build info: version: '3.7.1', revision: '8a0099a', time: '2017-11-06T21:07:36.161Z'
System info: host: 'WSLK1FFTRFW-01', ip: '192.168.56.1', os.name: 'Windows 7', os.arch: 'amd64', os.version: '6.1', java.version: '1.8.0_102'
Driver info: driver.version: CInternetExplorerDriver
remote stacktrace: )]]></system-err>
   </testsuite>
</testsuites>
